-- Found ament_cmake: 1.3.12 (/opt/ros/humble/share/ament_cmake/cmake)
-- Found rclcpp: 16.0.15 (/opt/ros/humble/share/rclcpp/cmake)
-- Found rosidl_generator_c: 3.1.7 (/opt/ros/humble/share/rosidl_generator_c/cmake)
-- Found rosidl_adapter: 3.1.7 (/opt/ros/humble/share/rosidl_adapter/cmake)
-- Found rosidl_generator_cpp: 3.1.7 (/opt/ros/humble/share/rosidl_generator_cpp/cmake)
-- Using all available rosidl_typesupport_c: rosidl_typesupport_fastrtps_c;rosidl_typesupport_introspection_c
-- Using all available rosidl_typesupport_cpp: rosidl_typesupport_fastrtps_cpp;rosidl_typesupport_introspection_cpp
-- Found rmw_implementation_cmake: 6.1.2 (/opt/ros/humble/share/rmw_implementation_cmake/cmake)
-- Found rmw_fastrtps_cpp: 6.2.9 (/opt/ros/humble/share/rmw_fastrtps_cpp/cmake)
-- Using RMW implementation 'rmw_fastrtps_cpp' as default
-- Found geometry_msgs: 4.9.0 (/opt/ros/humble/share/geometry_msgs/cmake)
-- Found nav_msgs: 4.9.0 (/opt/ros/humble/share/nav_msgs/cmake)
-- Found tf2: 0.25.16 (/opt/ros/humble/share/tf2/cmake)
-- Found tf2_geometry_msgs: 0.25.16 (/opt/ros/humble/share/tf2_geometry_msgs/cmake)
-- Found eigen3_cmake_module: 0.1.1 (/opt/ros/humble/share/eigen3_cmake_module/cmake)
-- Ensuring Eigen3 include directory is part of orocos-kdl CMake target
-- Found nav2_msgs: 1.1.19 (/opt/ros/humble/share/nav2_msgs/cmake)
-- Found ament_lint_auto: 0.12.14 (/opt/ros/humble/share/ament_lint_auto/cmake)
-- Added test 'cppcheck' to perform static code analysis on C / C++ code
-- Configured cppcheck include dirs: 
-- Configured cppcheck exclude dirs and/or files: 
-- Added test 'flake8' to check Python code syntax and style conventions
-- Added test 'lint_cmake' to check CMake code style
-- Added test 'pep257' to check Python code against some of the docstring style conventions in PEP 257
-- Added test 'uncrustify' to check C / C++ code style
-- Configured uncrustify additional arguments: 
-- Added test 'xmllint' to check XML markup files
-- Configuring done
-- Generating done
-- Build files have been written to: /home/usuario/Documentos/GitHub/-IR2121-2025-2026-Robotica-mobil/Patrolling Task/goals/build/goals
[35m[1mConsolidate compiler generated dependencies of target version2_publisher[0m
[ 50%] [32mBuilding CXX object CMakeFiles/version2_publisher.dir/src/publisher.cpp.o[0m
[100%] [32m[1mLinking CXX executable version2_publisher[0m
[100%] Built target version2_publisher
-- Install configuration: ""
-- Installing: /home/usuario/Documentos/GitHub/-IR2121-2025-2026-Robotica-mobil/Patrolling Task/goals/install/goals/lib/goals/version2_publisher
-- Set runtime path of "/home/usuario/Documentos/GitHub/-IR2121-2025-2026-Robotica-mobil/Patrolling Task/goals/install/goals/lib/goals/version2_publisher" to ""
-- Up-to-date: /home/usuario/Documentos/GitHub/-IR2121-2025-2026-Robotica-mobil/Patrolling Task/goals/install/goals/share/ament_index/resource_index/package_run_dependencies/goals
-- Installing: /home/usuario/Documentos/GitHub/-IR2121-2025-2026-Robotica-mobil/Patrolling Task/goals/install/goals/share/ament_index/resource_index/parent_prefix_path/goals
-- Installing: /home/usuario/Documentos/GitHub/-IR2121-2025-2026-Robotica-mobil/Patrolling Task/goals/install/goals/share/goals/environment/ament_prefix_path.sh
-- Installing: /home/usuario/Documentos/GitHub/-IR2121-2025-2026-Robotica-mobil/Patrolling Task/goals/install/goals/share/goals/environment/ament_prefix_path.dsv
-- Installing: /home/usuario/Documentos/GitHub/-IR2121-2025-2026-Robotica-mobil/Patrolling Task/goals/install/goals/share/goals/environment/path.sh
-- Installing: /home/usuario/Documentos/GitHub/-IR2121-2025-2026-Robotica-mobil/Patrolling Task/goals/install/goals/share/goals/environment/path.dsv
-- Up-to-date: /home/usuario/Documentos/GitHub/-IR2121-2025-2026-Robotica-mobil/Patrolling Task/goals/install/goals/share/goals/local_setup.bash
-- Up-to-date: /home/usuario/Documentos/GitHub/-IR2121-2025-2026-Robotica-mobil/Patrolling Task/goals/install/goals/share/goals/local_setup.sh
-- Up-to-date: /home/usuario/Documentos/GitHub/-IR2121-2025-2026-Robotica-mobil/Patrolling Task/goals/install/goals/share/goals/local_setup.zsh
-- Installing: /home/usuario/Documentos/GitHub/-IR2121-2025-2026-Robotica-mobil/Patrolling Task/goals/install/goals/share/goals/local_setup.dsv
-- Installing: /home/usuario/Documentos/GitHub/-IR2121-2025-2026-Robotica-mobil/Patrolling Task/goals/install/goals/share/goals/package.dsv
-- Up-to-date: /home/usuario/Documentos/GitHub/-IR2121-2025-2026-Robotica-mobil/Patrolling Task/goals/install/goals/share/ament_index/resource_index/packages/goals
-- Up-to-date: /home/usuario/Documentos/GitHub/-IR2121-2025-2026-Robotica-mobil/Patrolling Task/goals/install/goals/share/goals/cmake/goalsConfig.cmake
-- Up-to-date: /home/usuario/Documentos/GitHub/-IR2121-2025-2026-Robotica-mobil/Patrolling Task/goals/install/goals/share/goals/cmake/goalsConfig-version.cmake
-- Up-to-date: /home/usuario/Documentos/GitHub/-IR2121-2025-2026-Robotica-mobil/Patrolling Task/goals/install/goals/share/goals/package.xml
