[0.024s] Invoking command in '/home/usuario/Documentos/GitHub/-IR2121-2025-2026-Robotica-mobil/Patrolling Task/goals/build/goals': CMAKE_PREFIX_PATH=${CMAKE_PREFIX_PATH}:/opt/ros/humble /usr/bin/cmake --build /home/usuario/Documentos/GitHub/-IR2121-2025-2026-Robotica-mobil/Patrolling Task/goals/build/goals -- -j4 -l4
[0.104s] [35m[1mConsolidate compiler generated dependencies of target version2_publisher[0m
[0.137s] [100%] Built target version2_publisher
[0.154s] Invoked command in '/home/usuario/Documentos/GitHub/-IR2121-2025-2026-Robotica-mobil/Patrolling Task/goals/build/goals' returned '0': CMAKE_PREFIX_PATH=${CMAKE_PREFIX_PATH}:/opt/ros/humble /usr/bin/cmake --build /home/usuario/Documentos/GitHub/-IR2121-2025-2026-Robotica-mobil/Patrolling Task/goals/build/goals -- -j4 -l4
[0.167s] Invoking command in '/home/usuario/Documentos/GitHub/-IR2121-2025-2026-Robotica-mobil/Patrolling Task/goals/build/goals': CMAKE_PREFIX_PATH=${CMAKE_PREFIX_PATH}:/opt/ros/humble /usr/bin/cmake --install /home/usuario/Documentos/GitHub/-IR2121-2025-2026-Robotica-mobil/Patrolling Task/goals/build/goals
[0.178s] -- Install configuration: ""
[0.191s] -- Up-to-date: /home/usuario/Documentos/GitHub/-IR2121-2025-2026-Robotica-mobil/Patrolling Task/goals/install/goals/lib/goals/version2_publisher
[0.204s] -- Up-to-date: /home/usuario/Documentos/GitHub/-IR2121-2025-2026-Robotica-mobil/Patrolling Task/goals/install/goals/share/ament_index/resource_index/package_run_dependencies/goals
[0.204s] -- Up-to-date: /home/usuario/Documentos/GitHub/-IR2121-2025-2026-Robotica-mobil/Patrolling Task/goals/install/goals/share/ament_index/resource_index/parent_prefix_path/goals
[0.204s] -- Up-to-date: /home/usuario/Documentos/GitHub/-IR2121-2025-2026-Robotica-mobil/Patrolling Task/goals/install/goals/share/goals/environment/ament_prefix_path.sh
[0.204s] -- Up-to-date: /home/usuario/Documentos/GitHub/-IR2121-2025-2026-Robotica-mobil/Patrolling Task/goals/install/goals/share/goals/environment/ament_prefix_path.dsv
[0.204s] -- Up-to-date: /home/usuario/Documentos/GitHub/-IR2121-2025-2026-Robotica-mobil/Patrolling Task/goals/install/goals/share/goals/environment/path.sh
[0.204s] -- Up-to-date: /home/usuario/Documentos/GitHub/-IR2121-2025-2026-Robotica-mobil/Patrolling Task/goals/install/goals/share/goals/environment/path.dsv
[0.204s] -- Up-to-date: /home/usuario/Documentos/GitHub/-IR2121-2025-2026-Robotica-mobil/Patrolling Task/goals/install/goals/share/goals/local_setup.bash
[0.204s] -- Up-to-date: /home/usuario/Documentos/GitHub/-IR2121-2025-2026-Robotica-mobil/Patrolling Task/goals/install/goals/share/goals/local_setup.sh
[0.204s] -- Up-to-date: /home/usuario/Documentos/GitHub/-IR2121-2025-2026-Robotica-mobil/Patrolling Task/goals/install/goals/share/goals/local_setup.zsh
[0.205s] -- Up-to-date: /home/usuario/Documentos/GitHub/-IR2121-2025-2026-Robotica-mobil/Patrolling Task/goals/install/goals/share/goals/local_setup.dsv
[0.205s] -- Installing: /home/usuario/Documentos/GitHub/-IR2121-2025-2026-Robotica-mobil/Patrolling Task/goals/install/goals/share/goals/package.dsv
[0.205s] -- Up-to-date: /home/usuario/Documentos/GitHub/-IR2121-2025-2026-Robotica-mobil/Patrolling Task/goals/install/goals/share/ament_index/resource_index/packages/goals
[0.206s] -- Up-to-date: /home/usuario/Documentos/GitHub/-IR2121-2025-2026-Robotica-mobil/Patrolling Task/goals/install/goals/share/goals/cmake/goalsConfig.cmake
[0.206s] -- Up-to-date: /home/usuario/Documentos/GitHub/-IR2121-2025-2026-Robotica-mobil/Patrolling Task/goals/install/goals/share/goals/cmake/goalsConfig-version.cmake
[0.206s] -- Up-to-date: /home/usuario/Documentos/GitHub/-IR2121-2025-2026-Robotica-mobil/Patrolling Task/goals/install/goals/share/goals/package.xml
[0.208s] Invoked command in '/home/usuario/Documentos/GitHub/-IR2121-2025-2026-Robotica-mobil/Patrolling Task/goals/build/goals' returned '0': CMAKE_PREFIX_PATH=${CMAKE_PREFIX_PATH}:/opt/ros/humble /usr/bin/cmake --install /home/usuario/Documentos/GitHub/-IR2121-2025-2026-Robotica-mobil/Patrolling Task/goals/build/goals
