[0.035s] Invoking command in '/home/usuario/Documentos/GitHub/-IR2121-2025-2026-Robotica-mobil/Teleoperation/Patrolling Task/goals/build/goals': CMAKE_PREFIX_PATH=${CMAKE_PREFIX_PATH}:/opt/ros/humble /usr/bin/cmake --build /home/usuario/Documentos/GitHub/-IR2121-2025-2026-Robotica-mobil/Teleoperation/Patrolling Task/goals/build/goals -- -j6 -l6
[0.214s] [ 50%] [32m[1mLinking CXX executable publisher[0m
[11.470s] [100%] Built target publisher
[11.483s] Invoked command in '/home/usuario/Documentos/GitHub/-IR2121-2025-2026-Robotica-mobil/Teleoperation/Patrolling Task/goals/build/goals' returned '0': CMAKE_PREFIX_PATH=${CMAKE_PREFIX_PATH}:/opt/ros/humble /usr/bin/cmake --build /home/usuario/Documentos/GitHub/-IR2121-2025-2026-Robotica-mobil/Teleoperation/Patrolling Task/goals/build/goals -- -j6 -l6
[11.502s] Invoking command in '/home/usuario/Documentos/GitHub/-IR2121-2025-2026-Robotica-mobil/Teleoperation/Patrolling Task/goals/build/goals': CMAKE_PREFIX_PATH=${CMAKE_PREFIX_PATH}:/opt/ros/humble /usr/bin/cmake --install /home/usuario/Documentos/GitHub/-IR2121-2025-2026-Robotica-mobil/Teleoperation/Patrolling Task/goals/build/goals
[11.515s] -- Install configuration: ""
[11.664s] -- Installing: /home/usuario/Documentos/GitHub/-IR2121-2025-2026-Robotica-mobil/Teleoperation/Patrolling Task/goals/install/goals/lib/goals/publisher
[12.203s] -- Set runtime path of "/home/usuario/Documentos/GitHub/-IR2121-2025-2026-Robotica-mobil/Teleoperation/Patrolling Task/goals/install/goals/lib/goals/publisher" to ""
[12.204s] -- Up-to-date: /home/usuario/Documentos/GitHub/-IR2121-2025-2026-Robotica-mobil/Teleoperation/Patrolling Task/goals/install/goals/share/ament_index/resource_index/package_run_dependencies/goals
[12.204s] -- Up-to-date: /home/usuario/Documentos/GitHub/-IR2121-2025-2026-Robotica-mobil/Teleoperation/Patrolling Task/goals/install/goals/share/ament_index/resource_index/parent_prefix_path/goals
[12.204s] -- Up-to-date: /home/usuario/Documentos/GitHub/-IR2121-2025-2026-Robotica-mobil/Teleoperation/Patrolling Task/goals/install/goals/share/goals/environment/ament_prefix_path.sh
[12.204s] -- Up-to-date: /home/usuario/Documentos/GitHub/-IR2121-2025-2026-Robotica-mobil/Teleoperation/Patrolling Task/goals/install/goals/share/goals/environment/ament_prefix_path.dsv
[12.204s] -- Up-to-date: /home/usuario/Documentos/GitHub/-IR2121-2025-2026-Robotica-mobil/Teleoperation/Patrolling Task/goals/install/goals/share/goals/environment/path.sh
[12.204s] -- Up-to-date: /home/usuario/Documentos/GitHub/-IR2121-2025-2026-Robotica-mobil/Teleoperation/Patrolling Task/goals/install/goals/share/goals/environment/path.dsv
[12.204s] -- Up-to-date: /home/usuario/Documentos/GitHub/-IR2121-2025-2026-Robotica-mobil/Teleoperation/Patrolling Task/goals/install/goals/share/goals/local_setup.bash
[12.204s] -- Up-to-date: /home/usuario/Documentos/GitHub/-IR2121-2025-2026-Robotica-mobil/Teleoperation/Patrolling Task/goals/install/goals/share/goals/local_setup.sh
[12.204s] -- Up-to-date: /home/usuario/Documentos/GitHub/-IR2121-2025-2026-Robotica-mobil/Teleoperation/Patrolling Task/goals/install/goals/share/goals/local_setup.zsh
[12.204s] -- Up-to-date: /home/usuario/Documentos/GitHub/-IR2121-2025-2026-Robotica-mobil/Teleoperation/Patrolling Task/goals/install/goals/share/goals/local_setup.dsv
[12.204s] -- Installing: /home/usuario/Documentos/GitHub/-IR2121-2025-2026-Robotica-mobil/Teleoperation/Patrolling Task/goals/install/goals/share/goals/package.dsv
[12.207s] -- Up-to-date: /home/usuario/Documentos/GitHub/-IR2121-2025-2026-Robotica-mobil/Teleoperation/Patrolling Task/goals/install/goals/share/ament_index/resource_index/packages/goals
[12.207s] -- Up-to-date: /home/usuario/Documentos/GitHub/-IR2121-2025-2026-Robotica-mobil/Teleoperation/Patrolling Task/goals/install/goals/share/goals/cmake/goalsConfig.cmake
[12.207s] -- Up-to-date: /home/usuario/Documentos/GitHub/-IR2121-2025-2026-Robotica-mobil/Teleoperation/Patrolling Task/goals/install/goals/share/goals/cmake/goalsConfig-version.cmake
[12.207s] -- Up-to-date: /home/usuario/Documentos/GitHub/-IR2121-2025-2026-Robotica-mobil/Teleoperation/Patrolling Task/goals/install/goals/share/goals/package.xml
[12.215s] Invoked command in '/home/usuario/Documentos/GitHub/-IR2121-2025-2026-Robotica-mobil/Teleoperation/Patrolling Task/goals/build/goals' returned '0': CMAKE_PREFIX_PATH=${CMAKE_PREFIX_PATH}:/opt/ros/humble /usr/bin/cmake --install /home/usuario/Documentos/GitHub/-IR2121-2025-2026-Robotica-mobil/Teleoperation/Patrolling Task/goals/build/goals
