[0.024s] Invoking command in '/home/usuario/Documentos/GitHub/-IR2121-2025-2026-Robotica-mobil/Teleoperation/Patrolling Task/goals/build/goals': CMAKE_PREFIX_PATH=/opt/ros/humble /usr/bin/cmake --build /home/usuario/Documentos/GitHub/-IR2121-2025-2026-Robotica-mobil/Teleoperation/Patrolling Task/goals/build/goals -- -j6 -l6
[0.101s] -- Found ament_cmake: 1.3.12 (/opt/ros/humble/share/ament_cmake/cmake)
[0.220s] -- Found rclcpp: 16.0.15 (/opt/ros/humble/share/rclcpp/cmake)
[0.247s] -- Found rosidl_generator_c: 3.1.7 (/opt/ros/humble/share/rosidl_generator_c/cmake)
[0.249s] -- Found rosidl_adapter: 3.1.7 (/opt/ros/humble/share/rosidl_adapter/cmake)
[0.253s] -- Found rosidl_generator_cpp: 3.1.7 (/opt/ros/humble/share/rosidl_generator_cpp/cmake)
[0.260s] -- Using all available rosidl_typesupport_c: rosidl_typesupport_fastrtps_c;rosidl_typesupport_introspection_c
[0.269s] -- Using all available rosidl_typesupport_cpp: rosidl_typesupport_fastrtps_cpp;rosidl_typesupport_introspection_cpp
[0.293s] -- Found rmw_implementation_cmake: 6.1.2 (/opt/ros/humble/share/rmw_implementation_cmake/cmake)
[0.294s] -- Found rmw_fastrtps_cpp: 6.2.9 (/opt/ros/humble/share/rmw_fastrtps_cpp/cmake)
[0.415s] -- Using RMW implementation 'rmw_fastrtps_cpp' as default
[0.450s] -- Found geometry_msgs: 4.9.0 (/opt/ros/humble/share/geometry_msgs/cmake)
[0.459s] -- Found tf2: 0.25.16 (/opt/ros/humble/share/tf2/cmake)
[0.464s] -- Found tf2_geometry_msgs: 0.25.16 (/opt/ros/humble/share/tf2_geometry_msgs/cmake)
[0.489s] -- Found eigen3_cmake_module: 0.1.1 (/opt/ros/humble/share/eigen3_cmake_module/cmake)
[0.490s] -- Found Eigen3: TRUE (found version "3.4.0") 
[0.490s] -- Ensuring Eigen3 include directory is part of orocos-kdl CMake target
[0.593s] -- Found ament_lint_auto: 0.12.14 (/opt/ros/humble/share/ament_lint_auto/cmake)
[0.693s] -- Added test 'cppcheck' to perform static code analysis on C / C++ code
[0.693s] -- Configured cppcheck include dirs: 
[0.693s] -- Configured cppcheck exclude dirs and/or files: 
[0.695s] -- Added test 'flake8' to check Python code syntax and style conventions
[0.698s] -- Added test 'lint_cmake' to check CMake code style
[0.700s] -- Added test 'pep257' to check Python code against some of the docstring style conventions in PEP 257
[0.712s] -- Added test 'uncrustify' to check C / C++ code style
[0.712s] -- Configured uncrustify additional arguments: 
[0.714s] -- Added test 'xmllint' to check XML markup files
[0.724s] -- Configuring done
[0.773s] -- Generating done
[0.826s] -- Build files have been written to: /home/usuario/Documentos/GitHub/-IR2121-2025-2026-Robotica-mobil/Teleoperation/Patrolling Task/goals/build/goals
[0.910s] [ 50%] [32mBuilding CXX object CMakeFiles/publisher.dir/src/publisher.cpp.o[0m
[64.246s] [100%] [32m[1mLinking CXX executable publisher[0m
[116.787s] [100%] Built target publisher
[116.800s] Invoked command in '/home/usuario/Documentos/GitHub/-IR2121-2025-2026-Robotica-mobil/Teleoperation/Patrolling Task/goals/build/goals' returned '0': CMAKE_PREFIX_PATH=/opt/ros/humble /usr/bin/cmake --build /home/usuario/Documentos/GitHub/-IR2121-2025-2026-Robotica-mobil/Teleoperation/Patrolling Task/goals/build/goals -- -j6 -l6
[116.824s] Invoking command in '/home/usuario/Documentos/GitHub/-IR2121-2025-2026-Robotica-mobil/Teleoperation/Patrolling Task/goals/build/goals': CMAKE_PREFIX_PATH=/opt/ros/humble /usr/bin/cmake --install /home/usuario/Documentos/GitHub/-IR2121-2025-2026-Robotica-mobil/Teleoperation/Patrolling Task/goals/build/goals
[116.837s] -- Install configuration: ""
[116.837s] -- Installing: /home/usuario/Documentos/GitHub/-IR2121-2025-2026-Robotica-mobil/Teleoperation/Patrolling Task/goals/install/goals/lib/goals/publisher
[117.385s] -- Set runtime path of "/home/usuario/Documentos/GitHub/-IR2121-2025-2026-Robotica-mobil/Teleoperation/Patrolling Task/goals/install/goals/lib/goals/publisher" to ""
[117.386s] -- Installing: /home/usuario/Documentos/GitHub/-IR2121-2025-2026-Robotica-mobil/Teleoperation/Patrolling Task/goals/install/goals/share/ament_index/resource_index/package_run_dependencies/goals
[117.394s] -- Installing: /home/usuario/Documentos/GitHub/-IR2121-2025-2026-Robotica-mobil/Teleoperation/Patrolling Task/goals/install/goals/share/ament_index/resource_index/parent_prefix_path/goals
[117.395s] -- Installing: /home/usuario/Documentos/GitHub/-IR2121-2025-2026-Robotica-mobil/Teleoperation/Patrolling Task/goals/install/goals/share/goals/environment/ament_prefix_path.sh
[117.395s] -- Installing: /home/usuario/Documentos/GitHub/-IR2121-2025-2026-Robotica-mobil/Teleoperation/Patrolling Task/goals/install/goals/share/goals/environment/ament_prefix_path.dsv
[117.399s] -- Installing: /home/usuario/Documentos/GitHub/-IR2121-2025-2026-Robotica-mobil/Teleoperation/Patrolling Task/goals/install/goals/share/goals/environment/path.sh
[117.399s] -- Installing: /home/usuario/Documentos/GitHub/-IR2121-2025-2026-Robotica-mobil/Teleoperation/Patrolling Task/goals/install/goals/share/goals/environment/path.dsv
[117.402s] -- Installing: /home/usuario/Documentos/GitHub/-IR2121-2025-2026-Robotica-mobil/Teleoperation/Patrolling Task/goals/install/goals/share/goals/local_setup.bash
[117.406s] -- Installing: /home/usuario/Documentos/GitHub/-IR2121-2025-2026-Robotica-mobil/Teleoperation/Patrolling Task/goals/install/goals/share/goals/local_setup.sh
[117.410s] -- Installing: /home/usuario/Documentos/GitHub/-IR2121-2025-2026-Robotica-mobil/Teleoperation/Patrolling Task/goals/install/goals/share/goals/local_setup.zsh
[117.413s] -- Installing: /home/usuario/Documentos/GitHub/-IR2121-2025-2026-Robotica-mobil/Teleoperation/Patrolling Task/goals/install/goals/share/goals/local_setup.dsv
[117.417s] -- Installing: /home/usuario/Documentos/GitHub/-IR2121-2025-2026-Robotica-mobil/Teleoperation/Patrolling Task/goals/install/goals/share/goals/package.dsv
[117.420s] -- Installing: /home/usuario/Documentos/GitHub/-IR2121-2025-2026-Robotica-mobil/Teleoperation/Patrolling Task/goals/install/goals/share/ament_index/resource_index/packages/goals
[117.421s] -- Installing: /home/usuario/Documentos/GitHub/-IR2121-2025-2026-Robotica-mobil/Teleoperation/Patrolling Task/goals/install/goals/share/goals/cmake/goalsConfig.cmake
[117.424s] -- Installing: /home/usuario/Documentos/GitHub/-IR2121-2025-2026-Robotica-mobil/Teleoperation/Patrolling Task/goals/install/goals/share/goals/cmake/goalsConfig-version.cmake
[117.428s] -- Installing: /home/usuario/Documentos/GitHub/-IR2121-2025-2026-Robotica-mobil/Teleoperation/Patrolling Task/goals/install/goals/share/goals/package.xml
[117.434s] Invoked command in '/home/usuario/Documentos/GitHub/-IR2121-2025-2026-Robotica-mobil/Teleoperation/Patrolling Task/goals/build/goals' returned '0': CMAKE_PREFIX_PATH=/opt/ros/humble /usr/bin/cmake --install /home/usuario/Documentos/GitHub/-IR2121-2025-2026-Robotica-mobil/Teleoperation/Patrolling Task/goals/build/goals
