[0.019s] Invoking command in '/home/usuario/Documentos/GitHub/-IR2121-2025-2026-Robotica-mobil/Teleoperation/Patrolling Task/goals/build/goals': /usr/bin/cmake /home/usuario/Documentos/GitHub/-IR2121-2025-2026-Robotica-mobil/Teleoperation/Patrolling Task/goals -DCMAKE_INSTALL_PREFIX=/home/usuario/Documentos/GitHub/-IR2121-2025-2026-Robotica-mobil/Teleoperation/Patrolling Task/goals/install/goals
[0.343s] -- The C compiler identification is GNU 10.5.0
[0.618s] -- The CXX compiler identification is GNU 10.5.0
[0.640s] -- Detecting C compiler ABI info
[0.963s] -- Detecting C compiler ABI info - done
[0.989s] -- Check for working C compiler: /usr/bin/cc - skipped
[0.990s] -- Detecting C compile features
[0.990s] -- Detecting C compile features - done
[1.005s] -- Detecting CXX compiler ABI info
[1.278s] -- Detecting CXX compiler ABI info - done
[1.311s] -- Check for working CXX compiler: /usr/bin/c++ - skipped
[1.311s] -- Detecting CXX compile features
[1.311s] -- Detecting CXX compile features - done
[1.341s] [31mCMake Error at CMakeLists.txt:9 (find_package):
[1.341s]   By not providing "Findament_cmake.cmake" in CMAKE_MODULE_PATH this project
[1.341s]   has asked CMake to find a package configuration file provided by
[1.341s]   "ament_cmake", but CMake did not find one.
[1.341s] 
[1.341s]   Could not find a package configuration file provided by "ament_cmake" with
[1.341s]   any of the following names:
[1.341s] 
[1.341s]     ament_cmakeConfig.cmake
[1.341s]     ament_cmake-config.cmake
[1.341s] 
[1.341s]   Add the installation prefix of "ament_cmake" to CMAKE_PREFIX_PATH or set
[1.342s]   "ament_cmake_DIR" to a directory containing one of the above files.  If
[1.342s]   "ament_cmake" provides a separate development package or SDK, be sure it
[1.342s]   has been installed.
[1.342s] 
[1.342s] [0m
[1.342s] -- Configuring incomplete, errors occurred!
[1.342s] See also "/home/usuario/Documentos/GitHub/-IR2121-2025-2026-Robotica-mobil/Teleoperation/Patrolling Task/goals/build/goals/CMakeFiles/CMakeOutput.log".
[1.345s] Invoked command in '/home/usuario/Documentos/GitHub/-IR2121-2025-2026-Robotica-mobil/Teleoperation/Patrolling Task/goals/build/goals' returned '1': /usr/bin/cmake /home/usuario/Documentos/GitHub/-IR2121-2025-2026-Robotica-mobil/Teleoperation/Patrolling Task/goals -DCMAKE_INSTALL_PREFIX=/home/usuario/Documentos/GitHub/-IR2121-2025-2026-Robotica-mobil/Teleoperation/Patrolling Task/goals/install/goals
