[0.011s] Invoking command in '/home/usuario/Documentos/GitHub/-IR2121-2025-2026-Robotica-mobil/Patrolling Task/goals/build/goals': CMAKE_PREFIX_PATH=${CMAKE_PREFIX_PATH}:/opt/ros/humble /usr/bin/cmake --build /home/usuario/Documentos/GitHub/-IR2121-2025-2026-Robotica-mobil/Patrolling Task/goals/build/goals -- -j6 -l6
[0.064s] [35m[1mConsolidate compiler generated dependencies of target version2_publisher[0m
[0.095s] [ 50%] [32mBuilding CXX object CMakeFiles/version2_publisher.dir/src/publisher.cpp.o[0m
[6.979s] [100%] [32m[1mLinking CXX executable version2_publisher[0m
[7.511s] [100%] Built target version2_publisher
[7.523s] Invoked command in '/home/usuario/Documentos/GitHub/-IR2121-2025-2026-Robotica-mobil/Patrolling Task/goals/build/goals' returned '0': CMAKE_PREFIX_PATH=${CMAKE_PREFIX_PATH}:/opt/ros/humble /usr/bin/cmake --build /home/usuario/Documentos/GitHub/-IR2121-2025-2026-Robotica-mobil/Patrolling Task/goals/build/goals -- -j6 -l6
[7.534s] Invoking command in '/home/usuario/Documentos/GitHub/-IR2121-2025-2026-Robotica-mobil/Patrolling Task/goals/build/goals': CMAKE_PREFIX_PATH=${CMAKE_PREFIX_PATH}:/opt/ros/humble /usr/bin/cmake --install /home/usuario/Documentos/GitHub/-IR2121-2025-2026-Robotica-mobil/Patrolling Task/goals/build/goals
[7.541s] -- Install configuration: ""
[7.553s] -- Installing: /home/usuario/Documentos/GitHub/-IR2121-2025-2026-Robotica-mobil/Patrolling Task/goals/install/goals/lib/goals/version2_publisher
[7.579s] -- Set runtime path of "/home/usuario/Documentos/GitHub/-IR2121-2025-2026-Robotica-mobil/Patrolling Task/goals/install/goals/lib/goals/version2_publisher" to ""
[7.579s] -- Up-to-date: /home/usuario/Documentos/GitHub/-IR2121-2025-2026-Robotica-mobil/Patrolling Task/goals/install/goals/share/ament_index/resource_index/package_run_dependencies/goals
[7.579s] -- Up-to-date: /home/usuario/Documentos/GitHub/-IR2121-2025-2026-Robotica-mobil/Patrolling Task/goals/install/goals/share/ament_index/resource_index/parent_prefix_path/goals
[7.580s] -- Up-to-date: /home/usuario/Documentos/GitHub/-IR2121-2025-2026-Robotica-mobil/Patrolling Task/goals/install/goals/share/goals/environment/ament_prefix_path.sh
[7.580s] -- Up-to-date: /home/usuario/Documentos/GitHub/-IR2121-2025-2026-Robotica-mobil/Patrolling Task/goals/install/goals/share/goals/environment/ament_prefix_path.dsv
[7.580s] -- Up-to-date: /home/usuario/Documentos/GitHub/-IR2121-2025-2026-Robotica-mobil/Patrolling Task/goals/install/goals/share/goals/environment/path.sh
[7.580s] -- Up-to-date: /home/usuario/Documentos/GitHub/-IR2121-2025-2026-Robotica-mobil/Patrolling Task/goals/install/goals/share/goals/environment/path.dsv
[7.580s] -- Up-to-date: /home/usuario/Documentos/GitHub/-IR2121-2025-2026-Robotica-mobil/Patrolling Task/goals/install/goals/share/goals/local_setup.bash
[7.580s] -- Up-to-date: /home/usuario/Documentos/GitHub/-IR2121-2025-2026-Robotica-mobil/Patrolling Task/goals/install/goals/share/goals/local_setup.sh
[7.580s] -- Up-to-date: /home/usuario/Documentos/GitHub/-IR2121-2025-2026-Robotica-mobil/Patrolling Task/goals/install/goals/share/goals/local_setup.zsh
[7.580s] -- Up-to-date: /home/usuario/Documentos/GitHub/-IR2121-2025-2026-Robotica-mobil/Patrolling Task/goals/install/goals/share/goals/local_setup.dsv
[7.580s] -- Installing: /home/usuario/Documentos/GitHub/-IR2121-2025-2026-Robotica-mobil/Patrolling Task/goals/install/goals/share/goals/package.dsv
[7.580s] -- Up-to-date: /home/usuario/Documentos/GitHub/-IR2121-2025-2026-Robotica-mobil/Patrolling Task/goals/install/goals/share/ament_index/resource_index/packages/goals
[7.580s] -- Up-to-date: /home/usuario/Documentos/GitHub/-IR2121-2025-2026-Robotica-mobil/Patrolling Task/goals/install/goals/share/goals/cmake/goalsConfig.cmake
[7.580s] -- Up-to-date: /home/usuario/Documentos/GitHub/-IR2121-2025-2026-Robotica-mobil/Patrolling Task/goals/install/goals/share/goals/cmake/goalsConfig-version.cmake
[7.580s] -- Up-to-date: /home/usuario/Documentos/GitHub/-IR2121-2025-2026-Robotica-mobil/Patrolling Task/goals/install/goals/share/goals/package.xml
[7.582s] Invoked command in '/home/usuario/Documentos/GitHub/-IR2121-2025-2026-Robotica-mobil/Patrolling Task/goals/build/goals' returned '0': CMAKE_PREFIX_PATH=${CMAKE_PREFIX_PATH}:/opt/ros/humble /usr/bin/cmake --install /home/usuario/Documentos/GitHub/-IR2121-2025-2026-Robotica-mobil/Patrolling Task/goals/build/goals
