[0.017s] Invoking command in '/home/usuario/Documentos/GitHub/-IR2121-2025-2026-Robotica-mobil/Teleoperation/Patrolling Task/goals/build/goals': /usr/bin/cmake /home/usuario/Documentos/GitHub/-IR2121-2025-2026-Robotica-mobil/Teleoperation/Patrolling Task/goals -DCMAKE_INSTALL_PREFIX=/home/usuario/Documentos/GitHub/-IR2121-2025-2026-Robotica-mobil/Teleoperation/Patrolling Task/goals/install/goals
[0.060s] [31mCMake Error at CMakeLists.txt:8 (find_package):
[0.060s]   By not providing "Findament_cmake.cmake" in CMAKE_MODULE_PATH this project
[0.060s]   has asked CMake to find a package configuration file provided by
[0.060s]   "ament_cmake", but CMake did not find one.
[0.060s] 
[0.060s]   Could not find a package configuration file provided by "ament_cmake" with
[0.060s]   any of the following names:
[0.061s] 
[0.061s]     ament_cmakeConfig.cmake
[0.061s]     ament_cmake-config.cmake
[0.061s] 
[0.061s]   Add the installation prefix of "ament_cmake" to CMAKE_PREFIX_PATH or set
[0.061s]   "ament_cmake_DIR" to a directory containing one of the above files.  If
[0.061s]   "ament_cmake" provides a separate development package or SDK, be sure it
[0.061s]   has been installed.
[0.061s] 
[0.061s] [0m
[0.061s] -- Configuring incomplete, errors occurred!
[0.061s] See also "/home/usuario/Documentos/GitHub/-IR2121-2025-2026-Robotica-mobil/Teleoperation/Patrolling Task/goals/build/goals/CMakeFiles/CMakeOutput.log".
[0.068s] Invoked command in '/home/usuario/Documentos/GitHub/-IR2121-2025-2026-Robotica-mobil/Teleoperation/Patrolling Task/goals/build/goals' returned '1': /usr/bin/cmake /home/usuario/Documentos/GitHub/-IR2121-2025-2026-Robotica-mobil/Teleoperation/Patrolling Task/goals -DCMAKE_INSTALL_PREFIX=/home/usuario/Documentos/GitHub/-IR2121-2025-2026-Robotica-mobil/Teleoperation/Patrolling Task/goals/install/goals
