[0.019s] Invoking command in '/home/usuario/Documentos/GitHub/-IR2121-2025-2026-Robotica-mobil/Patrolling Task/goals/build/goals': CMAKE_PREFIX_PATH=${CMAKE_PREFIX_PATH}:/opt/ros/humble /usr/bin/cmake --build /home/usuario/Documentos/GitHub/-IR2121-2025-2026-Robotica-mobil/Patrolling Task/goals/build/goals -- -j4 -l4
[0.086s] [35m[1mConsolidate compiler generated dependencies of target version2_publisher[0m
[0.117s] [ 50%] [32mBuilding CXX object CMakeFiles/version2_publisher.dir/src/publisher.cpp.o[0m
[10.055s] [100%] [32m[1mLinking CXX executable version2_publisher[0m
[11.346s] [100%] Built target version2_publisher
[11.360s] Invoked command in '/home/usuario/Documentos/GitHub/-IR2121-2025-2026-Robotica-mobil/Patrolling Task/goals/build/goals' returned '0': CMAKE_PREFIX_PATH=${CMAKE_PREFIX_PATH}:/opt/ros/humble /usr/bin/cmake --build /home/usuario/Documentos/GitHub/-IR2121-2025-2026-Robotica-mobil/Patrolling Task/goals/build/goals -- -j4 -l4
[11.371s] Invoking command in '/home/usuario/Documentos/GitHub/-IR2121-2025-2026-Robotica-mobil/Patrolling Task/goals/build/goals': CMAKE_PREFIX_PATH=${CMAKE_PREFIX_PATH}:/opt/ros/humble /usr/bin/cmake --install /home/usuario/Documentos/GitHub/-IR2121-2025-2026-Robotica-mobil/Patrolling Task/goals/build/goals
[11.382s] -- Install configuration: ""
[11.390s] -- Installing: /home/usuario/Documentos/GitHub/-IR2121-2025-2026-Robotica-mobil/Patrolling Task/goals/install/goals/lib/goals/version2_publisher
[11.457s] -- Set runtime path of "/home/usuario/Documentos/GitHub/-IR2121-2025-2026-Robotica-mobil/Patrolling Task/goals/install/goals/lib/goals/version2_publisher" to ""
[11.457s] -- Up-to-date: /home/usuario/Documentos/GitHub/-IR2121-2025-2026-Robotica-mobil/Patrolling Task/goals/install/goals/share/ament_index/resource_index/package_run_dependencies/goals
[11.457s] -- Up-to-date: /home/usuario/Documentos/GitHub/-IR2121-2025-2026-Robotica-mobil/Patrolling Task/goals/install/goals/share/ament_index/resource_index/parent_prefix_path/goals
[11.457s] -- Up-to-date: /home/usuario/Documentos/GitHub/-IR2121-2025-2026-Robotica-mobil/Patrolling Task/goals/install/goals/share/goals/environment/ament_prefix_path.sh
[11.457s] -- Up-to-date: /home/usuario/Documentos/GitHub/-IR2121-2025-2026-Robotica-mobil/Patrolling Task/goals/install/goals/share/goals/environment/ament_prefix_path.dsv
[11.457s] -- Up-to-date: /home/usuario/Documentos/GitHub/-IR2121-2025-2026-Robotica-mobil/Patrolling Task/goals/install/goals/share/goals/environment/path.sh
[11.457s] -- Up-to-date: /home/usuario/Documentos/GitHub/-IR2121-2025-2026-Robotica-mobil/Patrolling Task/goals/install/goals/share/goals/environment/path.dsv
[11.457s] -- Up-to-date: /home/usuario/Documentos/GitHub/-IR2121-2025-2026-Robotica-mobil/Patrolling Task/goals/install/goals/share/goals/local_setup.bash
[11.458s] -- Up-to-date: /home/usuario/Documentos/GitHub/-IR2121-2025-2026-Robotica-mobil/Patrolling Task/goals/install/goals/share/goals/local_setup.sh
[11.458s] -- Up-to-date: /home/usuario/Documentos/GitHub/-IR2121-2025-2026-Robotica-mobil/Patrolling Task/goals/install/goals/share/goals/local_setup.zsh
[11.458s] -- Up-to-date: /home/usuario/Documentos/GitHub/-IR2121-2025-2026-Robotica-mobil/Patrolling Task/goals/install/goals/share/goals/local_setup.dsv
[11.458s] -- Installing: /home/usuario/Documentos/GitHub/-IR2121-2025-2026-Robotica-mobil/Patrolling Task/goals/install/goals/share/goals/package.dsv
[11.459s] -- Up-to-date: /home/usuario/Documentos/GitHub/-IR2121-2025-2026-Robotica-mobil/Patrolling Task/goals/install/goals/share/ament_index/resource_index/packages/goals
[11.459s] -- Up-to-date: /home/usuario/Documentos/GitHub/-IR2121-2025-2026-Robotica-mobil/Patrolling Task/goals/install/goals/share/goals/cmake/goalsConfig.cmake
[11.459s] -- Up-to-date: /home/usuario/Documentos/GitHub/-IR2121-2025-2026-Robotica-mobil/Patrolling Task/goals/install/goals/share/goals/cmake/goalsConfig-version.cmake
[11.459s] -- Up-to-date: /home/usuario/Documentos/GitHub/-IR2121-2025-2026-Robotica-mobil/Patrolling Task/goals/install/goals/share/goals/package.xml
[11.461s] Invoked command in '/home/usuario/Documentos/GitHub/-IR2121-2025-2026-Robotica-mobil/Patrolling Task/goals/build/goals' returned '0': CMAKE_PREFIX_PATH=${CMAKE_PREFIX_PATH}:/opt/ros/humble /usr/bin/cmake --install /home/usuario/Documentos/GitHub/-IR2121-2025-2026-Robotica-mobil/Patrolling Task/goals/build/goals
